<?xml version="1.0" encoding="UTF-8"?>
<testng-results ignored="0" total="1" passed="1" failed="0" skipped="0">
  <reporter-output>
  </reporter-output>
  <suite started-at="2026-02-19T04:30:16 IST" name="Test Suite" finished-at="2026-02-19T04:30:22 IST" duration-ms="5923">
    <groups>
    </groups>
    <test started-at="2026-02-19T04:30:16 IST" name="Login Test" finished-at="2026-02-19T04:30:22 IST" duration-ms="5923">
      <class name="tests.LoginTest">
        <test-method is-config="true" signature="setup()[pri:0, instance:tests.LoginTest@43ee72e6]" started-at="2026-02-19T04:30:16 IST" name="setup" finished-at="2026-02-19T04:30:20 IST" duration-ms="4299" status="PASS">
          <reporter-output>
          </reporter-output>
        </test-method> <!-- setup -->
        <test-method signature="validLoginTest()[pri:0, instance:tests.LoginTest@43ee72e6]" started-at="2026-02-19T04:30:20 IST" name="validLoginTest" finished-at="2026-02-19T04:30:21 IST" duration-ms="1102" status="PASS">
          <reporter-output>
          </reporter-output>
        </test-method> <!-- validLoginTest -->
        <test-method is-config="true" signature="tearDown()[pri:0, instance:tests.LoginTest@43ee72e6]" started-at="2026-02-19T04:30:21 IST" name="tearDown" finished-at="2026-02-19T04:30:22 IST" duration-ms="468" status="PASS">
          <reporter-output>
          </reporter-output>
        </test-method> <!-- tearDown -->
      </class> <!-- tests.LoginTest -->
    </test> <!-- Login Test -->
  </suite> <!-- Test Suite -->
</testng-results>
